app/build/intermediates/manifest_merge_blame_file/debug/manifest-merger-blame-debug-report.txt
1<?xml version="1.0" encoding="utf-8"?>
2<manifest xmlns:android="http://schemas.android.com/apk/res/android"
3    package="com.blooddonation.finder"
4    android:versionCode="1"
5    android:versionName="1.0" >
6
7    <uses-sdk
8        android:minSdkVersion="24"
9        android:targetSdkVersion="34" />
10
11    <uses-permission android:name="android.permission.INTERNET" />
11-->src\main\AndroidManifest.xml:4:5-66
11-->src\main\AndroidManifest.xml:4:22-64
12    <uses-permission android:name="android.permission.ACCESS_FINE_LOCATION" />
12-->src\main\AndroidManifest.xml:5:5-78
12-->src\main\AndroidManifest.xml:5:22-76
13    <uses-permission android:name="android.permission.ACCESS_COARSE_LOCATION" />
13-->src\main\AndroidManifest.xml:6:5-80
13-->src\main\AndroidManifest.xml:6:22-78
14    <uses-permission android:name="android.permission.RECEIVE_BOOT_COMPLETED" />
14-->src\main\AndroidManifest.xml:7:5-80
14-->src\main\AndroidManifest.xml:7:22-78
15    <uses-permission android:name="android.permission.VIBRATE" />
15-->src\main\AndroidManifest.xml:8:5-65
15-->src\main\AndroidManifest.xml:8:22-63
16    <uses-permission android:name="android.permission.POST_NOTIFICATIONS" />
16-->src\main\AndroidManifest.xml:9:5-76
16-->src\main\AndroidManifest.xml:9:22-74
17    <uses-permission android:name="android.permission.ACCESS_NETWORK_STATE" />
17-->[com.google.firebase:firebase-auth:22.3.0] AndroidManifest.xml:26:5-79
17-->[com.google.firebase:firebase-auth:22.3.0] AndroidManifest.xml:26:22-76
18    <uses-permission android:name="android.permission.WAKE_LOCK" /> <!-- Required by older versions of Google Play services to create IID tokens -->
18-->[com.google.firebase:firebase-messaging:23.4.0] AndroidManifest.xml:24:5-68
18-->[com.google.firebase:firebase-messaging:23.4.0] AndroidManifest.xml:24:22-65
19    <uses-permission android:name="com.google.android.c2dm.permission.RECEIVE" />
19-->[com.google.firebase:firebase-messaging:23.4.0] AndroidManifest.xml:26:5-82
19-->[com.google.firebase:firebase-messaging:23.4.0] AndroidManifest.xml:26:22-79
20
21    <uses-feature
21-->[com.google.android.gms:play-services-maps:18.2.0] AndroidManifest.xml:26:5-28:35
22        android:glEsVersion="0x00020000"
22-->[com.google.android.gms:play-services-maps:18.2.0] AndroidManifest.xml:27:9-41
23        android:required="true" />
23-->[com.google.android.gms:play-services-maps:18.2.0] AndroidManifest.xml:28:9-32
24
25    <queries>
25-->[com.google.android.gms:play-services-maps:18.2.0] AndroidManifest.xml:30:5-34:15
26
27        <!-- Needs to be explicitly declared on Android R+ -->
28        <package android:name="com.google.android.apps.maps" />
28-->[com.google.android.gms:play-services-maps:18.2.0] AndroidManifest.xml:33:9-64
28-->[com.google.android.gms:play-services-maps:18.2.0] AndroidManifest.xml:33:18-61
29    </queries>
30
31    <uses-permission android:name="com.google.android.gms.permission.AD_ID" />
31-->[com.google.android.gms:play-services-measurement-api:21.5.0] AndroidManifest.xml:25:5-79
31-->[com.google.android.gms:play-services-measurement-api:21.5.0] AndroidManifest.xml:25:22-76
32    <uses-permission android:name="android.permission.ACCESS_ADSERVICES_ATTRIBUTION" />
32-->[com.google.android.gms:play-services-measurement-api:21.5.0] AndroidManifest.xml:26:5-88
32-->[com.google.android.gms:play-services-measurement-api:21.5.0] AndroidManifest.xml:26:22-85
33    <uses-permission android:name="android.permission.ACCESS_ADSERVICES_AD_ID" />
33-->[com.google.android.gms:play-services-measurement-api:21.5.0] AndroidManifest.xml:27:5-82
33-->[com.google.android.gms:play-services-measurement-api:21.5.0] AndroidManifest.xml:27:22-79
34    <uses-permission android:name="com.google.android.finsky.permission.BIND_GET_INSTALL_REFERRER_SERVICE" />
34-->[com.google.android.gms:play-services-measurement:21.5.0] AndroidManifest.xml:26:5-110
34-->[com.google.android.gms:play-services-measurement:21.5.0] AndroidManifest.xml:26:22-107
35
36    <permission
36-->[androidx.core:core:1.9.0] AndroidManifest.xml:22:5-24:47
37        android:name="com.blooddonation.finder.DYNAMIC_RECEIVER_NOT_EXPORTED_PERMISSION"
37-->[androidx.core:core:1.9.0] AndroidManifest.xml:23:9-81
38        android:protectionLevel="signature" />
38-->[androidx.core:core:1.9.0] AndroidManifest.xml:24:9-44
39
40    <uses-permission android:name="com.blooddonation.finder.DYNAMIC_RECEIVER_NOT_EXPORTED_PERMISSION" />
40-->[androidx.core:core:1.9.0] AndroidManifest.xml:26:5-97
40-->[androidx.core:core:1.9.0] AndroidManifest.xml:26:22-94
41
42    <application
42-->src\main\AndroidManifest.xml:11:5-59:19
43        android:allowBackup="true"
43-->src\main\AndroidManifest.xml:12:9-35
44        android:appComponentFactory="androidx.core.app.CoreComponentFactory"
44-->[androidx.core:core:1.9.0] AndroidManifest.xml:28:18-86
45        android:debuggable="true"
46        android:extractNativeLibs="false"
47        android:icon="@mipmap/ic_launcher"
47-->src\main\AndroidManifest.xml:13:9-43
48        android:label="@string/app_name"
48-->src\main\AndroidManifest.xml:14:9-41
49        android:roundIcon="@mipmap/ic_launcher_round"
49-->src\main\AndroidManifest.xml:15:9-54
50        android:supportsRtl="true"
50-->src\main\AndroidManifest.xml:16:9-35
51        android:testOnly="true"
52        android:theme="@style/Theme.BloodDonationFinder" >
52-->src\main\AndroidManifest.xml:17:9-57
53
54        <!-- Splash Screen -->
55        <activity
55-->src\main\AndroidManifest.xml:20:9-28:20
56            android:name="com.blooddonation.finder.activities.SplashActivity"
56-->src\main\AndroidManifest.xml:21:13-54
57            android:exported="true"
57-->src\main\AndroidManifest.xml:22:13-36
58            android:theme="@style/Theme.BloodDonationFinder.Splash" >
58-->src\main\AndroidManifest.xml:23:13-68
59            <intent-filter>
59-->src\main\AndroidManifest.xml:24:13-27:29
60                <action android:name="android.intent.action.MAIN" />
60-->src\main\AndroidManifest.xml:25:17-69
60-->src\main\AndroidManifest.xml:25:25-66
61
62                <category android:name="android.intent.category.LAUNCHER" />
62-->src\main\AndroidManifest.xml:26:17-77
62-->src\main\AndroidManifest.xml:26:27-74
63            </intent-filter>
64        </activity>
65
66        <!-- Auth Activities -->
67        <activity
67-->src\main\AndroidManifest.xml:31:9-86
68            android:name="com.blooddonation.finder.activities.LoginActivity"
68-->src\main\AndroidManifest.xml:31:19-59
69            android:exported="false" />
69-->src\main\AndroidManifest.xml:31:60-84
70        <activity
70-->src\main\AndroidManifest.xml:32:9-89
71            android:name="com.blooddonation.finder.activities.RegisterActivity"
71-->src\main\AndroidManifest.xml:32:19-62
72            android:exported="false" />
72-->src\main\AndroidManifest.xml:32:63-87
73
74        <!-- Main Activities -->
75        <activity
75-->src\main\AndroidManifest.xml:35:9-85
76            android:name="com.blooddonation.finder.activities.MainActivity"
76-->src\main\AndroidManifest.xml:35:19-58
77            android:exported="false" />
77-->src\main\AndroidManifest.xml:35:59-83
78        <activity
78-->src\main\AndroidManifest.xml:36:9-87
79            android:name="com.blooddonation.finder.activities.SearchActivity"
79-->src\main\AndroidManifest.xml:36:19-60
80            android:exported="false" />
80-->src\main\AndroidManifest.xml:36:61-85
81        <activity
81-->src\main\AndroidManifest.xml:37:9-93
82            android:name="com.blooddonation.finder.activities.DonorProfileActivity"
82-->src\main\AndroidManifest.xml:37:19-66
83            android:exported="false" />
83-->src\main\AndroidManifest.xml:37:67-91
84        <activity
84-->src\main\AndroidManifest.xml:38:9-84
85            android:name="com.blooddonation.finder.activities.MapActivity"
85-->src\main\AndroidManifest.xml:38:19-57
86            android:exported="false" />
86-->src\main\AndroidManifest.xml:38:58-82
87        <activity
87-->src\main\AndroidManifest.xml:39:9-92
88            android:name="com.blooddonation.finder.activities.PostRequestActivity"
88-->src\main\AndroidManifest.xml:39:19-65
89            android:exported="false" />
89-->src\main\AndroidManifest.xml:39:66-90
90        <activity
90-->src\main\AndroidManifest.xml:40:9-96
91            android:name="com.blooddonation.finder.activities.DonationHistoryActivity"
91-->src\main\AndroidManifest.xml:40:19-69
92            android:exported="false" />
92-->src\main\AndroidManifest.xml:40:70-94
93        <activity
93-->src\main\AndroidManifest.xml:41:9-88
94            android:name="com.blooddonation.finder.activities.ProfileActivity"
94-->src\main\AndroidManifest.xml:41:19-61
95            android:exported="false" />
95-->src\main\AndroidManifest.xml:41:62-86
96        <activity
96-->src\main\AndroidManifest.xml:42:9-86
97            android:name="com.blooddonation.finder.activities.AdminActivity"
97-->src\main\AndroidManifest.xml:42:19-59
98            android:exported="false" />
98-->src\main\AndroidManifest.xml:42:60-84
99        <activity
99-->src\main\AndroidManifest.xml:43:9-94
100            android:name="com.blooddonation.finder.activities.NotificationsActivity"
100-->src\main\AndroidManifest.xml:43:19-67
101            android:exported="false" />
101-->src\main\AndroidManifest.xml:43:68-92
102
103        <!-- Google Maps API Key -->
104        <meta-data
104-->src\main\AndroidManifest.xml:46:9-48:70
105            android:name="com.google.android.geo.API_KEY"
105-->src\main\AndroidManifest.xml:47:13-58
106            android:value="AIzaSyB-i-vcorc-qkOd9gx9KfTX2FmoZIe1WO0" />
106-->src\main\AndroidManifest.xml:48:13-68
107
108        <!-- Firebase Cloud Messaging Service -->
109        <service
109-->src\main\AndroidManifest.xml:51:9-57:19
110            android:name="com.blooddonation.finder.utils.MyFirebaseMessagingService"
110-->src\main\AndroidManifest.xml:52:13-61
111            android:exported="false" >
111-->src\main\AndroidManifest.xml:53:13-37
112            <intent-filter>
112-->src\main\AndroidManifest.xml:54:13-56:29
113                <action android:name="com.google.firebase.MESSAGING_EVENT" />
113-->src\main\AndroidManifest.xml:55:17-77
113-->src\main\AndroidManifest.xml:55:25-75
114            </intent-filter>
115        </service>
116
117        <activity
117-->[com.google.firebase:firebase-auth:22.3.0] AndroidManifest.xml:29:9-46:20
118            android:name="com.google.firebase.auth.internal.GenericIdpActivity"
118-->[com.google.firebase:firebase-auth:22.3.0] AndroidManifest.xml:30:13-80
119            android:excludeFromRecents="true"
119-->[com.google.firebase:firebase-auth:22.3.0] AndroidManifest.xml:31:13-46
120            android:exported="true"
120-->[com.google.firebase:firebase-auth:22.3.0] AndroidManifest.xml:32:13-36
121            android:launchMode="singleTask"
121-->[com.google.firebase:firebase-auth:22.3.0] AndroidManifest.xml:33:13-44
122            android:theme="@android:style/Theme.Translucent.NoTitleBar" >
122-->[com.google.firebase:firebase-auth:22.3.0] AndroidManifest.xml:34:13-72
123            <intent-filter>
123-->[com.google.firebase:firebase-auth:22.3.0] AndroidManifest.xml:35:13-45:29
124                <action android:name="android.intent.action.VIEW" />
124-->[com.google.firebase:firebase-auth:22.3.0] AndroidManifest.xml:36:17-69
124-->[com.google.firebase:firebase-auth:22.3.0] AndroidManifest.xml:36:25-66
125
126                <category android:name="android.intent.category.DEFAULT" />
126-->[com.google.firebase:firebase-auth:22.3.0] AndroidManifest.xml:38:17-76
126-->[com.google.firebase:firebase-auth:22.3.0] AndroidManifest.xml:38:27-73
127                <category android:name="android.intent.category.BROWSABLE" />
127-->[com.google.firebase:firebase-auth:22.3.0] AndroidManifest.xml:39:17-78
127-->[com.google.firebase:firebase-auth:22.3.0] AndroidManifest.xml:39:27-75
128
129                <data
129-->[com.google.firebase:firebase-auth:22.3.0] AndroidManifest.xml:41:17-44:51
130                    android:host="firebase.auth"
130-->[com.google.firebase:firebase-auth:22.3.0] AndroidManifest.xml:42:21-49
131                    android:path="/"
131-->[com.google.firebase:firebase-auth:22.3.0] AndroidManifest.xml:43:21-37
132                    android:scheme="genericidp" />
132-->[com.google.firebase:firebase-auth:22.3.0] AndroidManifest.xml:44:21-48
133            </intent-filter>
134        </activity>
135        <activity
135-->[com.google.firebase:firebase-auth:22.3.0] AndroidManifest.xml:47:9-64:20
136            android:name="com.google.firebase.auth.internal.RecaptchaActivity"
136-->[com.google.firebase:firebase-auth:22.3.0] AndroidManifest.xml:48:13-79
137            android:excludeFromRecents="true"
137-->[com.google.firebase:firebase-auth:22.3.0] AndroidManifest.xml:49:13-46
138            android:exported="true"
138-->[com.google.firebase:firebase-auth:22.3.0] AndroidManifest.xml:50:13-36
139            android:launchMode="singleTask"
139-->[com.google.firebase:firebase-auth:22.3.0] AndroidManifest.xml:51:13-44
140            android:theme="@android:style/Theme.Translucent.NoTitleBar" >
140-->[com.google.firebase:firebase-auth:22.3.0] AndroidManifest.xml:52:13-72
141            <intent-filter>
141-->[com.google.firebase:firebase-auth:22.3.0] AndroidManifest.xml:53:13-63:29
142                <action android:name="android.intent.action.VIEW" />
142-->[com.google.firebase:firebase-auth:22.3.0] AndroidManifest.xml:36:17-69
142-->[com.google.firebase:firebase-auth:22.3.0] AndroidManifest.xml:36:25-66
143
144                <category android:name="android.intent.category.DEFAULT" />
144-->[com.google.firebase:firebase-auth:22.3.0] AndroidManifest.xml:38:17-76
144-->[com.google.firebase:firebase-auth:22.3.0] AndroidManifest.xml:38:27-73
145                <category android:name="android.intent.category.BROWSABLE" />
145-->[com.google.firebase:firebase-auth:22.3.0] AndroidManifest.xml:39:17-78
145-->[com.google.firebase:firebase-auth:22.3.0] AndroidManifest.xml:39:27-75
146
147                <data
147-->[com.google.firebase:firebase-auth:22.3.0] AndroidManifest.xml:41:17-44:51
148                    android:host="firebase.auth"
148-->[com.google.firebase:firebase-auth:22.3.0] AndroidManifest.xml:42:21-49
149                    android:path="/"
149-->[com.google.firebase:firebase-auth:22.3.0] AndroidManifest.xml:43:21-37
150                    android:scheme="recaptcha" />
150-->[com.google.firebase:firebase-auth:22.3.0] AndroidManifest.xml:44:21-48
151            </intent-filter>
152        </activity>
153
154        <service
154-->[com.google.firebase:firebase-auth:22.3.0] AndroidManifest.xml:66:9-72:19
155            android:name="com.google.firebase.components.ComponentDiscoveryService"
155-->[com.google.firebase:firebase-auth:22.3.0] AndroidManifest.xml:67:13-84
156            android:directBootAware="true"
156-->[com.google.firebase:firebase-common:20.4.2] AndroidManifest.xml:32:13-43
157            android:exported="false" >
157-->[com.google.firebase:firebase-auth:22.3.0] AndroidManifest.xml:68:13-37
158            <meta-data
158-->[com.google.firebase:firebase-auth:22.3.0] AndroidManifest.xml:69:13-71:85
159                android:name="com.google.firebase.components:com.google.firebase.auth.FirebaseAuthRegistrar"
159-->[com.google.firebase:firebase-auth:22.3.0] AndroidManifest.xml:70:17-109
160                android:value="com.google.firebase.components.ComponentRegistrar" />
160-->[com.google.firebase:firebase-auth:22.3.0] AndroidManifest.xml:71:17-82
161            <meta-data
161-->[com.google.firebase:firebase-database:20.3.0] AndroidManifest.xml:29:13-31:85
162                android:name="com.google.firebase.components:com.google.firebase.database.FirebaseDatabaseKtxRegistrar"
162-->[com.google.firebase:firebase-database:20.3.0] AndroidManifest.xml:30:17-120
163                android:value="com.google.firebase.components.ComponentRegistrar" />
163-->[com.google.firebase:firebase-database:20.3.0] AndroidManifest.xml:31:17-82
164            <meta-data
164-->[com.google.firebase:firebase-database:20.3.0] AndroidManifest.xml:32:13-34:85
165                android:name="com.google.firebase.components:com.google.firebase.database.DatabaseRegistrar"
165-->[com.google.firebase:firebase-database:20.3.0] AndroidManifest.xml:33:17-109
166                android:value="com.google.firebase.components.ComponentRegistrar" />
166-->[com.google.firebase:firebase-database:20.3.0] AndroidManifest.xml:34:17-82
167            <meta-data
167-->[com.google.firebase:firebase-storage:20.3.0] AndroidManifest.xml:30:13-32:85
168                android:name="com.google.firebase.components:com.google.firebase.storage.FirebaseStorageKtxRegistrar"
168-->[com.google.firebase:firebase-storage:20.3.0] AndroidManifest.xml:31:17-118
169                android:value="com.google.firebase.components.ComponentRegistrar" />
169-->[com.google.firebase:firebase-storage:20.3.0] AndroidManifest.xml:32:17-82
170            <meta-data
170-->[com.google.firebase:firebase-storage:20.3.0] AndroidManifest.xml:33:13-35:85
171                android:name="com.google.firebase.components:com.google.firebase.storage.StorageRegistrar"
171-->[com.google.firebase:firebase-storage:20.3.0] AndroidManifest.xml:34:17-107
172                android:value="com.google.firebase.components.ComponentRegistrar" />
172-->[com.google.firebase:firebase-storage:20.3.0] AndroidManifest.xml:35:17-82
173            <meta-data
173-->[com.google.firebase:firebase-messaging:23.4.0] AndroidManifest.xml:57:13-59:85
174                android:name="com.google.firebase.components:com.google.firebase.messaging.FirebaseMessagingKtxRegistrar"
174-->[com.google.firebase:firebase-messaging:23.4.0] AndroidManifest.xml:58:17-122
175                android:value="com.google.firebase.components.ComponentRegistrar" />
175-->[com.google.firebase:firebase-messaging:23.4.0] AndroidManifest.xml:59:17-82
176            <meta-data
176-->[com.google.firebase:firebase-messaging:23.4.0] AndroidManifest.xml:60:13-62:85
177                android:name="com.google.firebase.components:com.google.firebase.messaging.FirebaseMessagingRegistrar"
177-->[com.google.firebase:firebase-messaging:23.4.0] AndroidManifest.xml:61:17-119
178                android:value="com.google.firebase.components.ComponentRegistrar" />
178-->[com.google.firebase:firebase-messaging:23.4.0] AndroidManifest.xml:62:17-82
179            <meta-data
179-->[com.google.firebase:firebase-appcheck:17.1.1] AndroidManifest.xml:25:13-27:85
180                android:name="com.google.firebase.components:com.google.firebase.appcheck.FirebaseAppCheckKtxRegistrar"
180-->[com.google.firebase:firebase-appcheck:17.1.1] AndroidManifest.xml:26:17-120
181                android:value="com.google.firebase.components.ComponentRegistrar" />
181-->[com.google.firebase:firebase-appcheck:17.1.1] AndroidManifest.xml:27:17-82
182            <meta-data
182-->[com.google.firebase:firebase-appcheck:17.1.1] AndroidManifest.xml:28:13-30:85
183                android:name="com.google.firebase.components:com.google.firebase.appcheck.FirebaseAppCheckRegistrar"
183-->[com.google.firebase:firebase-appcheck:17.1.1] AndroidManifest.xml:29:17-117
184                android:value="com.google.firebase.components.ComponentRegistrar" />
184-->[com.google.firebase:firebase-appcheck:17.1.1] AndroidManifest.xml:30:17-82
185            <meta-data
185-->[com.google.firebase:firebase-datatransport:18.1.7] AndroidManifest.xml:27:13-29:85
186                android:name="com.google.firebase.components:com.google.firebase.datatransport.TransportRegistrar"
186-->[com.google.firebase:firebase-datatransport:18.1.7] AndroidManifest.xml:28:17-115
187                android:value="com.google.firebase.components.ComponentRegistrar" />
187-->[com.google.firebase:firebase-datatransport:18.1.7] AndroidManifest.xml:29:17-82
188            <meta-data
188-->[com.google.android.gms:play-services-measurement-api:21.5.0] AndroidManifest.xml:37:13-39:85
189                android:name="com.google.firebase.components:com.google.firebase.analytics.connector.internal.AnalyticsConnectorRegistrar"
189-->[com.google.android.gms:play-services-measurement-api:21.5.0] AndroidManifest.xml:38:17-139
190                android:value="com.google.firebase.components.ComponentRegistrar" />
190-->[com.google.android.gms:play-services-measurement-api:21.5.0] AndroidManifest.xml:39:17-82
191            <meta-data
191-->[com.google.firebase:firebase-installations:17.2.0] AndroidManifest.xml:15:13-17:85
192                android:name="com.google.firebase.components:com.google.firebase.installations.FirebaseInstallationsKtxRegistrar"
192-->[com.google.firebase:firebase-installations:17.2.0] AndroidManifest.xml:16:17-130
193                android:value="com.google.firebase.components.ComponentRegistrar" />
193-->[com.google.firebase:firebase-installations:17.2.0] AndroidManifest.xml:17:17-82
194            <meta-data
194-->[com.google.firebase:firebase-installations:17.2.0] AndroidManifest.xml:18:13-20:85
195                android:name="com.google.firebase.components:com.google.firebase.installations.FirebaseInstallationsRegistrar"
195-->[com.google.firebase:firebase-installations:17.2.0] AndroidManifest.xml:19:17-127
196                android:value="com.google.firebase.components.ComponentRegistrar" />
196-->[com.google.firebase:firebase-installations:17.2.0] AndroidManifest.xml:20:17-82
197            <meta-data
197-->[com.google.firebase:firebase-common-ktx:20.4.2] AndroidManifest.xml:12:13-14:85
198                android:name="com.google.firebase.components:com.google.firebase.ktx.FirebaseCommonLegacyRegistrar"
198-->[com.google.firebase:firebase-common-ktx:20.4.2] AndroidManifest.xml:13:17-116
199                android:value="com.google.firebase.components.ComponentRegistrar" />
199-->[com.google.firebase:firebase-common-ktx:20.4.2] AndroidManifest.xml:14:17-82
200            <meta-data
200-->[com.google.firebase:firebase-common:20.4.2] AndroidManifest.xml:35:13-37:85
201                android:name="com.google.firebase.components:com.google.firebase.FirebaseCommonKtxRegistrar"
201-->[com.google.firebase:firebase-common:20.4.2] AndroidManifest.xml:36:17-109
202                android:value="com.google.firebase.components.ComponentRegistrar" />
202-->[com.google.firebase:firebase-common:20.4.2] AndroidManifest.xml:37:17-82
203        </service>
204
205        <receiver
205-->[com.google.firebase:firebase-messaging:23.4.0] AndroidManifest.xml:29:9-40:20
206            android:name="com.google.firebase.iid.FirebaseInstanceIdReceiver"
206-->[com.google.firebase:firebase-messaging:23.4.0] AndroidManifest.xml:30:13-78
207            android:exported="true"
207-->[com.google.firebase:firebase-messaging:23.4.0] AndroidManifest.xml:31:13-36
208            android:permission="com.google.android.c2dm.permission.SEND" >
208-->[com.google.firebase:firebase-messaging:23.4.0] AndroidManifest.xml:32:13-73
209            <intent-filter>
209-->[com.google.firebase:firebase-messaging:23.4.0] AndroidManifest.xml:33:13-35:29
210                <action android:name="com.google.android.c2dm.intent.RECEIVE" />
210-->[com.google.firebase:firebase-messaging:23.4.0] AndroidManifest.xml:34:17-81
210-->[com.google.firebase:firebase-messaging:23.4.0] AndroidManifest.xml:34:25-78
211            </intent-filter>
212
213            <meta-data
213-->[com.google.firebase:firebase-messaging:23.4.0] AndroidManifest.xml:37:13-39:40
214                android:name="com.google.android.gms.cloudmessaging.FINISHED_AFTER_HANDLED"
214-->[com.google.firebase:firebase-messaging:23.4.0] AndroidManifest.xml:38:17-92
215                android:value="true" />
215-->[com.google.firebase:firebase-messaging:23.4.0] AndroidManifest.xml:39:17-37
216        </receiver>
217        <!--
218             FirebaseMessagingService performs security checks at runtime,
219             but set to not exported to explicitly avoid allowing another app to call it.
220        -->
221        <service
221-->[com.google.firebase:firebase-messaging:23.4.0] AndroidManifest.xml:46:9-53:19
222            android:name="com.google.firebase.messaging.FirebaseMessagingService"
222-->[com.google.firebase:firebase-messaging:23.4.0] AndroidManifest.xml:47:13-82
223            android:directBootAware="true"
223-->[com.google.firebase:firebase-messaging:23.4.0] AndroidManifest.xml:48:13-43
224            android:exported="false" >
224-->[com.google.firebase:firebase-messaging:23.4.0] AndroidManifest.xml:49:13-37
225            <intent-filter android:priority="-500" >
225-->src\main\AndroidManifest.xml:54:13-56:29
226                <action android:name="com.google.firebase.MESSAGING_EVENT" />
226-->src\main\AndroidManifest.xml:55:17-77
226-->src\main\AndroidManifest.xml:55:25-75
227            </intent-filter>
228        </service> <!-- Needs to be explicitly declared on P+ -->
229        <uses-library
229-->[com.google.android.gms:play-services-maps:18.2.0] AndroidManifest.xml:39:9-41:40
230            android:name="org.apache.http.legacy"
230-->[com.google.android.gms:play-services-maps:18.2.0] AndroidManifest.xml:40:13-50
231            android:required="false" />
231-->[com.google.android.gms:play-services-maps:18.2.0] AndroidManifest.xml:41:13-37
232
233        <service
233-->[com.google.android.datatransport:transport-backend-cct:3.1.8] AndroidManifest.xml:28:9-34:19
234            android:name="com.google.android.datatransport.runtime.backends.TransportBackendDiscovery"
234-->[com.google.android.datatransport:transport-backend-cct:3.1.8] AndroidManifest.xml:29:13-103
235            android:exported="false" >
235-->[com.google.android.datatransport:transport-backend-cct:3.1.8] AndroidManifest.xml:30:13-37
236            <meta-data
236-->[com.google.android.datatransport:transport-backend-cct:3.1.8] AndroidManifest.xml:31:13-33:39
237                android:name="backend:com.google.android.datatransport.cct.CctBackendFactory"
237-->[com.google.android.datatransport:transport-backend-cct:3.1.8] AndroidManifest.xml:32:17-94
238                android:value="cct" />
238-->[com.google.android.datatransport:transport-backend-cct:3.1.8] AndroidManifest.xml:33:17-36
239        </service>
240        <service
240-->[com.google.android.datatransport:transport-runtime:3.1.8] AndroidManifest.xml:26:9-30:19
241            android:name="com.google.android.datatransport.runtime.scheduling.jobscheduling.JobInfoSchedulerService"
241-->[com.google.android.datatransport:transport-runtime:3.1.8] AndroidManifest.xml:27:13-117
242            android:exported="false"
242-->[com.google.android.datatransport:transport-runtime:3.1.8] AndroidManifest.xml:28:13-37
243            android:permission="android.permission.BIND_JOB_SERVICE" >
243-->[com.google.android.datatransport:transport-runtime:3.1.8] AndroidManifest.xml:29:13-69
244        </service>
245
246        <receiver
246-->[com.google.android.datatransport:transport-runtime:3.1.8] AndroidManifest.xml:32:9-34:40
247            android:name="com.google.android.datatransport.runtime.scheduling.jobscheduling.AlarmManagerSchedulerBroadcastReceiver"
247-->[com.google.android.datatransport:transport-runtime:3.1.8] AndroidManifest.xml:33:13-132
248            android:exported="false" />
248-->[com.google.android.datatransport:transport-runtime:3.1.8] AndroidManifest.xml:34:13-37
249
250        <property
250-->[com.google.android.gms:play-services-measurement-api:21.5.0] AndroidManifest.xml:30:9-32:61
251            android:name="android.adservices.AD_SERVICES_CONFIG"
251-->[com.google.android.gms:play-services-measurement-api:21.5.0] AndroidManifest.xml:31:13-65
252            android:resource="@xml/ga_ad_services_config" />
252-->[com.google.android.gms:play-services-measurement-api:21.5.0] AndroidManifest.xml:32:13-58
253
254        <provider
254-->[com.google.firebase:firebase-common:20.4.2] AndroidManifest.xml:23:9-28:39
255            android:name="com.google.firebase.provider.FirebaseInitProvider"
255-->[com.google.firebase:firebase-common:20.4.2] AndroidManifest.xml:24:13-77
256            android:authorities="com.blooddonation.finder.firebaseinitprovider"
256-->[com.google.firebase:firebase-common:20.4.2] AndroidManifest.xml:25:13-72
257            android:directBootAware="true"
257-->[com.google.firebase:firebase-common:20.4.2] AndroidManifest.xml:26:13-43
258            android:exported="false"
258-->[com.google.firebase:firebase-common:20.4.2] AndroidManifest.xml:27:13-37
259            android:initOrder="100" />
259-->[com.google.firebase:firebase-common:20.4.2] AndroidManifest.xml:28:13-36
260        <provider
260-->[androidx.emoji2:emoji2:1.2.0] AndroidManifest.xml:24:9-32:20
261            android:name="androidx.startup.InitializationProvider"
261-->[androidx.emoji2:emoji2:1.2.0] AndroidManifest.xml:25:13-67
262            android:authorities="com.blooddonation.finder.androidx-startup"
262-->[androidx.emoji2:emoji2:1.2.0] AndroidManifest.xml:26:13-68
263            android:exported="false" >
263-->[androidx.emoji2:emoji2:1.2.0] AndroidManifest.xml:27:13-37
264            <meta-data
264-->[androidx.emoji2:emoji2:1.2.0] AndroidManifest.xml:29:13-31:52
265                android:name="androidx.emoji2.text.EmojiCompatInitializer"
265-->[androidx.emoji2:emoji2:1.2.0] AndroidManifest.xml:30:17-75
266                android:value="androidx.startup" />
266-->[androidx.emoji2:emoji2:1.2.0] AndroidManifest.xml:31:17-49
267            <meta-data
267-->[androidx.lifecycle:lifecycle-process:2.6.1] AndroidManifest.xml:29:13-31:52
268                android:name="androidx.lifecycle.ProcessLifecycleInitializer"
268-->[androidx.lifecycle:lifecycle-process:2.6.1] AndroidManifest.xml:30:17-78
269                android:value="androidx.startup" />
269-->[androidx.lifecycle:lifecycle-process:2.6.1] AndroidManifest.xml:31:17-49